10/13/2011 5:13:52 PM
unity
The given assembly name or codebase was invalid. (Exception from HRESULT: 0x80131047)
   at System.RuntimeTypeHandle.GetTypeByName(String name, Boolean throwOnError, Boolean ignoreCase, Boolean reflectionOnly, StackCrawlMarkHandle stackMark, Boolean loadTypeFromPartialName, ObjectHandleOnStack type)
   at System.RuntimeTypeHandle.GetTypeByName(String name, Boolean throwOnError, Boolean ignoreCase, Boolean reflectionOnly, StackCrawlMark& stackMark, Boolean loadTypeFromPartialName)
   at System.RuntimeType.GetType(String typeName, Boolean throwOnError, Boolean ignoreCase, Boolean reflectionOnly, StackCrawlMark& stackMark)
   at System.Type.GetType(String typeName)
   at Microsoft.Practices.Unity.Configuration.ConfigurationHelpers.TypeResolverImpl.SearchAssemblies(String typeNameOrAlias) in e:\Builds\Unity\UnityTemp\Compile\Unity\Unity.Configuration\Src\ConfigurationHelpers\TypeResolverImpl.cs:line 258
   at Microsoft.Practices.Unity.Configuration.ConfigurationHelpers.TypeResolverImpl.ResolveTypeThroughSearch(String typeNameOrAlias) in e:\Builds\Unity\UnityTemp\Compile\Unity\Unity.Configuration\Src\ConfigurationHelpers\TypeResolverImpl.cs:line 192
   at Microsoft.Practices.Unity.Configuration.ConfigurationHelpers.TypeResolverImpl.ResolveTypeInternal(String typeNameOrAlias) in e:\Builds\Unity\UnityTemp\Compile\Unity\Unity.Configuration\Src\ConfigurationHelpers\TypeResolverImpl.cs:line 119
   at Microsoft.Practices.Unity.Configuration.ConfigurationHelpers.TypeResolverImpl.ResolveType(String typeNameOrAlias, Boolean throwIfResolveFails) in e:\Builds\Unity\UnityTemp\Compile\Unity\Unity.Configuration\Src\ConfigurationHelpers\TypeResolverImpl.cs:line 105
   at Microsoft.Practices.Unity.Configuration.ConfigurationHelpers.TypeResolver.ResolveType(String typeNameOrAlias) in e:\Builds\Unity\UnityTemp\Compile\Unity\Unity.Configuration\Src\ConfigurationHelpers\TypeResolver.cs:line 47
   at Microsoft.Practices.Unity.Configuration.RegisterElement.GetMappedType() in e:\Builds\Unity\UnityTemp\Compile\Unity\Unity.Configuration\Src\RegisterElement.cs:line 132
   at Microsoft.Practices.Unity.Configuration.RegisterElement.ConfigureContainer(IUnityContainer container) in e:\Builds\Unity\UnityTemp\Compile\Unity\Unity.Configuration\Src\RegisterElement.cs:line 89
   at Microsoft.Practices.Unity.Configuration.ContainerConfiguringElement.ConfigureContainerInternal(IUnityContainer container) in e:\Builds\Unity\UnityTemp\Compile\Unity\Unity.Configuration\Src\ContainerConfiguringElement.cs:line 43
   at Microsoft.Practices.Unity.Configuration.ContainerElement.<>c__DisplayClass1.<ConfigureContainer>b__0(ContainerConfiguringElement element) in e:\Builds\Unity\UnityTemp\Compile\Unity\Unity.Configuration\Src\ContainerElement.cs:line 114
   at Microsoft.Practices.ObjectBuilder2.EnumerableExtensions.ForEach[TItem](IEnumerable`1 sequence, Action`1 action) in e:\Builds\Unity\UnityTemp\Compile\Unity\Unity\Src\ObjectBuilder\Utility\EnumerableExtensions.cs:line 36
   at Microsoft.Practices.Unity.Configuration.ContainerElement.ConfigureContainer(IUnityContainer container) in e:\Builds\Unity\UnityTemp\Compile\Unity\Unity.Configuration\Src\ContainerElement.cs:line 110
   at Microsoft.Practices.Unity.Configuration.UnityConfigurationSection.Configure(IUnityContainer container, String configuredContainerName) in e:\Builds\Unity\UnityTemp\Compile\Unity\Unity.Configuration\Src\UnityConfigurationSection.cs:line 151
   at Microsoft.Practices.Unity.Configuration.UnityConfigurationSection.Configure(IUnityContainer container) in e:\Builds\Unity\UnityTemp\Compile\Unity\Unity.Configuration\Src\UnityConfigurationSection.cs:line 136
   at AdIns.Service.UnityFactory.CreateContainer(String[] unityConfigSectionNames, String[] configurerNames)

10/13/2011 5:15:34 PM
unity
The given assembly name or codebase was invalid. (Exception from HRESULT: 0x80131047)
   at System.RuntimeTypeHandle.GetTypeByName(String name, Boolean throwOnError, Boolean ignoreCase, Boolean reflectionOnly, StackCrawlMarkHandle stackMark, Boolean loadTypeFromPartialName, ObjectHandleOnStack type)
   at System.RuntimeTypeHandle.GetTypeByName(String name, Boolean throwOnError, Boolean ignoreCase, Boolean reflectionOnly, StackCrawlMark& stackMark, Boolean loadTypeFromPartialName)
   at System.RuntimeType.GetType(String typeName, Boolean throwOnError, Boolean ignoreCase, Boolean reflectionOnly, StackCrawlMark& stackMark)
   at System.Type.GetType(String typeName)
   at Microsoft.Practices.Unity.Configuration.ConfigurationHelpers.TypeResolverImpl.SearchAssemblies(String typeNameOrAlias) in e:\Builds\Unity\UnityTemp\Compile\Unity\Unity.Configuration\Src\ConfigurationHelpers\TypeResolverImpl.cs:line 258
   at Microsoft.Practices.Unity.Configuration.ConfigurationHelpers.TypeResolverImpl.ResolveTypeThroughSearch(String typeNameOrAlias) in e:\Builds\Unity\UnityTemp\Compile\Unity\Unity.Configuration\Src\ConfigurationHelpers\TypeResolverImpl.cs:line 192
   at Microsoft.Practices.Unity.Configuration.ConfigurationHelpers.TypeResolverImpl.ResolveTypeInternal(String typeNameOrAlias) in e:\Builds\Unity\UnityTemp\Compile\Unity\Unity.Configuration\Src\ConfigurationHelpers\TypeResolverImpl.cs:line 119
   at Microsoft.Practices.Unity.Configuration.ConfigurationHelpers.TypeResolverImpl.ResolveType(String typeNameOrAlias, Boolean throwIfResolveFails) in e:\Builds\Unity\UnityTemp\Compile\Unity\Unity.Configuration\Src\ConfigurationHelpers\TypeResolverImpl.cs:line 105
   at Microsoft.Practices.Unity.Configuration.ConfigurationHelpers.TypeResolver.ResolveType(String typeNameOrAlias) in e:\Builds\Unity\UnityTemp\Compile\Unity\Unity.Configuration\Src\ConfigurationHelpers\TypeResolver.cs:line 47
   at Microsoft.Practices.Unity.Configuration.RegisterElement.GetMappedType() in e:\Builds\Unity\UnityTemp\Compile\Unity\Unity.Configuration\Src\RegisterElement.cs:line 132
   at Microsoft.Practices.Unity.Configuration.RegisterElement.ConfigureContainer(IUnityContainer container) in e:\Builds\Unity\UnityTemp\Compile\Unity\Unity.Configuration\Src\RegisterElement.cs:line 89
   at Microsoft.Practices.Unity.Configuration.ContainerConfiguringElement.ConfigureContainerInternal(IUnityContainer container) in e:\Builds\Unity\UnityTemp\Compile\Unity\Unity.Configuration\Src\ContainerConfiguringElement.cs:line 43
   at Microsoft.Practices.Unity.Configuration.ContainerElement.<>c__DisplayClass1.<ConfigureContainer>b__0(ContainerConfiguringElement element) in e:\Builds\Unity\UnityTemp\Compile\Unity\Unity.Configuration\Src\ContainerElement.cs:line 114
   at Microsoft.Practices.ObjectBuilder2.EnumerableExtensions.ForEach[TItem](IEnumerable`1 sequence, Action`1 action) in e:\Builds\Unity\UnityTemp\Compile\Unity\Unity\Src\ObjectBuilder\Utility\EnumerableExtensions.cs:line 36
   at Microsoft.Practices.Unity.Configuration.ContainerElement.ConfigureContainer(IUnityContainer container) in e:\Builds\Unity\UnityTemp\Compile\Unity\Unity.Configuration\Src\ContainerElement.cs:line 110
   at Microsoft.Practices.Unity.Configuration.UnityConfigurationSection.Configure(IUnityContainer container, String configuredContainerName) in e:\Builds\Unity\UnityTemp\Compile\Unity\Unity.Configuration\Src\UnityConfigurationSection.cs:line 151
   at Microsoft.Practices.Unity.Configuration.UnityConfigurationSection.Configure(IUnityContainer container) in e:\Builds\Unity\UnityTemp\Compile\Unity\Unity.Configuration\Src\UnityConfigurationSection.cs:line 136
   at AdIns.Service.UnityFactory.CreateContainer(String[] unityConfigSectionNames, String[] configurerNames)

10/13/2011 5:30:42 PM
unity
The given assembly name or codebase was invalid. (Exception from HRESULT: 0x80131047)
   at System.RuntimeTypeHandle.GetTypeByName(String name, Boolean throwOnError, Boolean ignoreCase, Boolean reflectionOnly, StackCrawlMarkHandle stackMark, Boolean loadTypeFromPartialName, ObjectHandleOnStack type)
   at System.RuntimeTypeHandle.GetTypeByName(String name, Boolean throwOnError, Boolean ignoreCase, Boolean reflectionOnly, StackCrawlMark& stackMark, Boolean loadTypeFromPartialName)
   at System.RuntimeType.GetType(String typeName, Boolean throwOnError, Boolean ignoreCase, Boolean reflectionOnly, StackCrawlMark& stackMark)
   at System.Type.GetType(String typeName)
   at Microsoft.Practices.Unity.Configuration.ConfigurationHelpers.TypeResolverImpl.SearchAssemblies(String typeNameOrAlias) in e:\Builds\Unity\UnityTemp\Compile\Unity\Unity.Configuration\Src\ConfigurationHelpers\TypeResolverImpl.cs:line 258
   at Microsoft.Practices.Unity.Configuration.ConfigurationHelpers.TypeResolverImpl.ResolveTypeThroughSearch(String typeNameOrAlias) in e:\Builds\Unity\UnityTemp\Compile\Unity\Unity.Configuration\Src\ConfigurationHelpers\TypeResolverImpl.cs:line 192
   at Microsoft.Practices.Unity.Configuration.ConfigurationHelpers.TypeResolverImpl.ResolveTypeInternal(String typeNameOrAlias) in e:\Builds\Unity\UnityTemp\Compile\Unity\Unity.Configuration\Src\ConfigurationHelpers\TypeResolverImpl.cs:line 119
   at Microsoft.Practices.Unity.Configuration.ConfigurationHelpers.TypeResolverImpl.ResolveType(String typeNameOrAlias, Boolean throwIfResolveFails) in e:\Builds\Unity\UnityTemp\Compile\Unity\Unity.Configuration\Src\ConfigurationHelpers\TypeResolverImpl.cs:line 105
   at Microsoft.Practices.Unity.Configuration.ConfigurationHelpers.TypeResolver.ResolveType(String typeNameOrAlias) in e:\Builds\Unity\UnityTemp\Compile\Unity\Unity.Configuration\Src\ConfigurationHelpers\TypeResolver.cs:line 47
   at Microsoft.Practices.Unity.Configuration.RegisterElement.GetMappedType() in e:\Builds\Unity\UnityTemp\Compile\Unity\Unity.Configuration\Src\RegisterElement.cs:line 132
   at Microsoft.Practices.Unity.Configuration.RegisterElement.ConfigureContainer(IUnityContainer container) in e:\Builds\Unity\UnityTemp\Compile\Unity\Unity.Configuration\Src\RegisterElement.cs:line 89
   at Microsoft.Practices.Unity.Configuration.ContainerConfiguringElement.ConfigureContainerInternal(IUnityContainer container) in e:\Builds\Unity\UnityTemp\Compile\Unity\Unity.Configuration\Src\ContainerConfiguringElement.cs:line 43
   at Microsoft.Practices.Unity.Configuration.ContainerElement.<>c__DisplayClass1.<ConfigureContainer>b__0(ContainerConfiguringElement element) in e:\Builds\Unity\UnityTemp\Compile\Unity\Unity.Configuration\Src\ContainerElement.cs:line 114
   at Microsoft.Practices.ObjectBuilder2.EnumerableExtensions.ForEach[TItem](IEnumerable`1 sequence, Action`1 action) in e:\Builds\Unity\UnityTemp\Compile\Unity\Unity\Src\ObjectBuilder\Utility\EnumerableExtensions.cs:line 36
   at Microsoft.Practices.Unity.Configuration.ContainerElement.ConfigureContainer(IUnityContainer container) in e:\Builds\Unity\UnityTemp\Compile\Unity\Unity.Configuration\Src\ContainerElement.cs:line 110
   at Microsoft.Practices.Unity.Configuration.UnityConfigurationSection.Configure(IUnityContainer container, String configuredContainerName) in e:\Builds\Unity\UnityTemp\Compile\Unity\Unity.Configuration\Src\UnityConfigurationSection.cs:line 151
   at Microsoft.Practices.Unity.Configuration.UnityConfigurationSection.Configure(IUnityContainer container) in e:\Builds\Unity\UnityTemp\Compile\Unity\Unity.Configuration\Src\UnityConfigurationSection.cs:line 136
   at AdIns.Service.UnityFactory.CreateContainer(String[] unityConfigSectionNames, String[] configurerNames)

10/13/2011 5:31:14 PM
unity
The given assembly name or codebase was invalid. (Exception from HRESULT: 0x80131047)
   at System.RuntimeTypeHandle.GetTypeByName(String name, Boolean throwOnError, Boolean ignoreCase, Boolean reflectionOnly, StackCrawlMarkHandle stackMark, Boolean loadTypeFromPartialName, ObjectHandleOnStack type)
   at System.RuntimeTypeHandle.GetTypeByName(String name, Boolean throwOnError, Boolean ignoreCase, Boolean reflectionOnly, StackCrawlMark& stackMark, Boolean loadTypeFromPartialName)
   at System.RuntimeType.GetType(String typeName, Boolean throwOnError, Boolean ignoreCase, Boolean reflectionOnly, StackCrawlMark& stackMark)
   at System.Type.GetType(String typeName)
   at Microsoft.Practices.Unity.Configuration.ConfigurationHelpers.TypeResolverImpl.SearchAssemblies(String typeNameOrAlias) in e:\Builds\Unity\UnityTemp\Compile\Unity\Unity.Configuration\Src\ConfigurationHelpers\TypeResolverImpl.cs:line 258
   at Microsoft.Practices.Unity.Configuration.ConfigurationHelpers.TypeResolverImpl.ResolveTypeThroughSearch(String typeNameOrAlias) in e:\Builds\Unity\UnityTemp\Compile\Unity\Unity.Configuration\Src\ConfigurationHelpers\TypeResolverImpl.cs:line 192
   at Microsoft.Practices.Unity.Configuration.ConfigurationHelpers.TypeResolverImpl.ResolveTypeInternal(String typeNameOrAlias) in e:\Builds\Unity\UnityTemp\Compile\Unity\Unity.Configuration\Src\ConfigurationHelpers\TypeResolverImpl.cs:line 119
   at Microsoft.Practices.Unity.Configuration.ConfigurationHelpers.TypeResolverImpl.ResolveType(String typeNameOrAlias, Boolean throwIfResolveFails) in e:\Builds\Unity\UnityTemp\Compile\Unity\Unity.Configuration\Src\ConfigurationHelpers\TypeResolverImpl.cs:line 105
   at Microsoft.Practices.Unity.Configuration.ConfigurationHelpers.TypeResolver.ResolveType(String typeNameOrAlias) in e:\Builds\Unity\UnityTemp\Compile\Unity\Unity.Configuration\Src\ConfigurationHelpers\TypeResolver.cs:line 47
   at Microsoft.Practices.Unity.Configuration.RegisterElement.GetMappedType() in e:\Builds\Unity\UnityTemp\Compile\Unity\Unity.Configuration\Src\RegisterElement.cs:line 132
   at Microsoft.Practices.Unity.Configuration.RegisterElement.ConfigureContainer(IUnityContainer container) in e:\Builds\Unity\UnityTemp\Compile\Unity\Unity.Configuration\Src\RegisterElement.cs:line 89
   at Microsoft.Practices.Unity.Configuration.ContainerConfiguringElement.ConfigureContainerInternal(IUnityContainer container) in e:\Builds\Unity\UnityTemp\Compile\Unity\Unity.Configuration\Src\ContainerConfiguringElement.cs:line 43
   at Microsoft.Practices.Unity.Configuration.ContainerElement.<>c__DisplayClass1.<ConfigureContainer>b__0(ContainerConfiguringElement element) in e:\Builds\Unity\UnityTemp\Compile\Unity\Unity.Configuration\Src\ContainerElement.cs:line 114
   at Microsoft.Practices.ObjectBuilder2.EnumerableExtensions.ForEach[TItem](IEnumerable`1 sequence, Action`1 action) in e:\Builds\Unity\UnityTemp\Compile\Unity\Unity\Src\ObjectBuilder\Utility\EnumerableExtensions.cs:line 36
   at Microsoft.Practices.Unity.Configuration.ContainerElement.ConfigureContainer(IUnityContainer container) in e:\Builds\Unity\UnityTemp\Compile\Unity\Unity.Configuration\Src\ContainerElement.cs:line 110
   at Microsoft.Practices.Unity.Configuration.UnityConfigurationSection.Configure(IUnityContainer container, String configuredContainerName) in e:\Builds\Unity\UnityTemp\Compile\Unity\Unity.Configuration\Src\UnityConfigurationSection.cs:line 151
   at Microsoft.Practices.Unity.Configuration.UnityConfigurationSection.Configure(IUnityContainer container) in e:\Builds\Unity\UnityTemp\Compile\Unity\Unity.Configuration\Src\UnityConfigurationSection.cs:line 136
   at AdIns.Service.UnityFactory.CreateContainer(String[] unityConfigSectionNames, String[] configurerNames)

